# JRE version: Java(TM) SE Runtime Environment (8.0_112-b15) (build 1.8.0_112-b15)
# Java VM: Java HotSpot(TM) 64-Bit Server VM (25.112-b15 mixed mode windows-amd64 compressed oops)
Heap:
 PSYoungGen      total 57344K, used 25251K [0x0000000780a00000, 0x0000000784a00000, 0x00000007c0000000)
  eden space 49152K, 51% used [0x0000000780a00000,0x00000007822a8d70,0x0000000783a00000)
  from space 8192K, 0% used [0x0000000784200000,0x0000000784200000,0x0000000784a00000)
  to   space 8192K, 0% used [0x0000000783a00000,0x0000000783a00000,0x0000000784200000)
 ParOldGen       total 93696K, used 9543K [0x0000000701e00000, 0x0000000707980000, 0x0000000780a00000)
  object space 93696K, 10% used [0x0000000701e00000,0x0000000702751d08,0x0000000707980000)
 Metaspace       used 25893K, capacity 26150K, committed 26624K, reserved 1073152K
  class space    used 2961K, capacity 3035K, committed 3072K, reserved 1048576K
GC Heap History (6 events):
Event: 1.851 GC heap before
{Heap before GC invocations=1 (full 0):
 PSYoungGen      total 57344K, used 49152K [0x0000000780a00000, 0x0000000784a00000, 0x00000007c0000000)
  eden space 49152K, 100% used [0x0000000780a00000,0x0000000783a00000,0x0000000783a00000)
  from space 8192K, 0% used [0x0000000784200000,0x0000000784200000,0x0000000784a00000)
  to   space 8192K, 0% used [0x0000000783a00000,0x0000000783a00000,0x0000000784200000)
 ParOldGen       total 131072K, used 0K [0x0000000701e00000, 0x0000000709e00000, 0x0000000780a00000)
  object space 131072K, 0% used [0x0000000701e00000,0x0000000701e00000,0x0000000709e00000)
 Metaspace       used 14582K, capacity 14776K, committed 15104K, reserved 1062912K
  class space    used 1397K, capacity 1467K, committed 1536K, reserved 1048576K
Event: 1.862 GC heap after
Heap after GC invocations=1 (full 0):
 PSYoungGen      total 57344K, used 8173K [0x0000000780a00000, 0x0000000784a00000, 0x00000007c0000000)
  eden space 49152K, 0% used [0x0000000780a00000,0x0000000780a00000,0x0000000783a00000)
  from space 8192K, 99% used [0x0000000783a00000,0x00000007841fb618,0x0000000784200000)
  to   space 8192K, 0% used [0x0000000784200000,0x0000000784200000,0x0000000784a00000)
 ParOldGen       total 131072K, used 1846K [0x0000000701e00000, 0x0000000709e00000, 0x0000000780a00000)
  object space 131072K, 1% used [0x0000000701e00000,0x0000000701fcd838,0x0000000709e00000)
 Metaspace       used 14582K, capacity 14776K, committed 15104K, reserved 1062912K
  class space    used 1397K, capacity 1467K, committed 1536K, reserved 1048576K
}
Event: 2.555 GC heap before
{Heap before GC invocations=2 (full 0):
 PSYoungGen      total 57344K, used 28990K [0x0000000780a00000, 0x0000000784a00000, 0x00000007c0000000)
  eden space 49152K, 42% used [0x0000000780a00000,0x0000000781e54430,0x0000000783a00000)
  from space 8192K, 99% used [0x0000000783a00000,0x00000007841fb618,0x0000000784200000)
  to   space 8192K, 0% used [0x0000000784200000,0x0000000784200000,0x0000000784a00000)
 ParOldGen       total 131072K, used 1846K [0x0000000701e00000, 0x0000000709e00000, 0x0000000780a00000)
  object space 131072K, 1% used [0x0000000701e00000,0x0000000701fcd838,0x0000000709e00000)
 Metaspace       used 20885K, capacity 21022K, committed 21248K, reserved 1069056K
  class space    used 2160K, capacity 2227K, committed 2304K, reserved 1048576K
Event: 2.565 GC heap after
Heap after GC invocations=2 (full 0):
 PSYoungGen      total 57344K, used 8164K [0x0000000780a00000, 0x0000000784a00000, 0x00000007c0000000)
  eden space 49152K, 0% used [0x0000000780a00000,0x0000000780a00000,0x0000000783a00000)
  from space 8192K, 99% used [0x0000000784200000,0x00000007849f90c0,0x0000000784a00000)
  to   space 8192K, 0% used [0x0000000783a00000,0x0000000783a00000,0x0000000784200000)
 ParOldGen       total 131072K, used 3269K [0x0000000701e00000, 0x0000000709e00000, 0x0000000780a00000)
  object space 131072K, 2% used [0x0000000701e00000,0x0000000702131450,0x0000000709e00000)
 Metaspace       used 20885K, capacity 21022K, committed 21248K, reserved 1069056K
  class space    used 2160K, capacity 2227K, committed 2304K, reserved 1048576K
}
Event: 2.565 GC heap before
{Heap before GC invocations=3 (full 1):
 PSYoungGen      total 57344K, used 8164K [0x0000000780a00000, 0x0000000784a00000, 0x00000007c0000000)
  eden space 49152K, 0% used [0x0000000780a00000,0x0000000780a00000,0x0000000783a00000)
  from space 8192K, 99% used [0x0000000784200000,0x00000007849f90c0,0x0000000784a00000)
  to   space 8192K, 0% used [0x0000000783a00000,0x0000000783a00000,0x0000000784200000)
 ParOldGen       total 131072K, used 3269K [0x0000000701e00000, 0x0000000709e00000, 0x0000000780a00000)
  object space 131072K, 2% used [0x0000000701e00000,0x0000000702131450,0x0000000709e00000)
 Metaspace       used 20885K, capacity 21022K, committed 21248K, reserved 1069056K
  class space    used 2160K, capacity 2227K, committed 2304K, reserved 1048576K
Event: 2.612 GC heap after
Heap after GC invocations=3 (full 1):
 PSYoungGen      total 57344K, used 0K [0x0000000780a00000, 0x0000000784a00000, 0x00000007c0000000)
  eden space 49152K, 0% used [0x0000000780a00000,0x0000000780a00000,0x0000000783a00000)
  from space 8192K, 0% used [0x0000000784200000,0x0000000784200000,0x0000000784a00000)
  to   space 8192K, 0% used [0x0000000783a00000,0x0000000783a00000,0x0000000784200000)
 ParOldGen       total 93696K, used 9543K [0x0000000701e00000, 0x0000000707980000, 0x0000000780a00000)
  object space 93696K, 10% used [0x0000000701e00000,0x0000000702751d08,0x0000000707980000)
 Metaspace       used 20885K, capacity 21022K, committed 21248K, reserved 1069056K
  class space    used 2160K, capacity 2227K, committed 2304K, reserved 1048576K
}

